INFO:root:upload_accessories_csv called with method: POST
INFO:root:csv_file received: 020483_test_accessories.csv
INFO:root:filename: 020483_test_accessories.csv, number_matches: ['020483']
INFO:root:potential_customer_numbers: ['0020483', '020483']
INFO:root:matching_orders count: 1
INFO:root:Using order: 020483 - Lesley Megarity
DEBUG:botocore.hooks:Changing event name from creating-client-class.iot-data to creating-client-class.iot-data-plane
DEBUG:botocore.hooks:Changing event name from before-call.apigateway to before-call.api-gateway
DEBUG:botocore.hooks:Changing event name from request-created.machinelearning.Predict to request-created.machine-learning.Predict
DEBUG:botocore.hooks:Changing event name from before-parameter-build.autoscaling.CreateLaunchConfiguration to before-parameter-build.auto-scaling.CreateLaunchConfiguration
DEBUG:botocore.hooks:Changing event name from before-parameter-build.route53 to before-parameter-build.route-53
DEBUG:botocore.hooks:Changing event name from request-created.cloudsearchdomain.Search to request-created.cloudsearch-domain.Search
DEBUG:botocore.hooks:Changing event name from docs.*.autoscaling.CreateLaunchConfiguration.complete-section to docs.*.auto-scaling.CreateLaunchConfiguration.complete-section
DEBUG:botocore.hooks:Changing event name from before-parameter-build.logs.CreateExportTask to before-parameter-build.cloudwatch-logs.CreateExportTask
DEBUG:botocore.hooks:Changing event name from docs.*.logs.CreateExportTask.complete-section to docs.*.cloudwatch-logs.CreateExportTask.complete-section
DEBUG:botocore.hooks:Changing event name from before-parameter-build.cloudsearchdomain.Search to before-parameter-build.cloudsearch-domain.Search
DEBUG:botocore.hooks:Changing event name from docs.*.cloudsearchdomain.Search.complete-section to docs.*.cloudsearch-domain.Search.complete-section
DEBUG:botocore.loaders:Loading JSON file: /Users/davidhearl/Github/stock_taking/virtual_environment/lib/python3.12/site-packages/boto3/data/s3/2006-03-01/resources-1.json
DEBUG:botocore.loaders:Loading JSON file: /Users/davidhearl/Github/stock_taking/virtual_environment/lib/python3.12/site-packages/botocore/data/endpoints.json
DEBUG:botocore.loaders:Loading JSON file: /Users/davidhearl/Github/stock_taking/virtual_environment/lib/python3.12/site-packages/botocore/data/sdk-default-configuration.json
DEBUG:botocore.hooks:Event choose-service-name: calling handler <function handle_service_name_alias at 0x1104071a0>
DEBUG:botocore.loaders:Loading JSON file: /Users/davidhearl/Github/stock_taking/virtual_environment/lib/python3.12/site-packages/botocore/data/s3/2006-03-01/service-2.json.gz
DEBUG:botocore.loaders:Loading JSON file: /Users/davidhearl/Github/stock_taking/virtual_environment/lib/python3.12/site-packages/botocore/data/s3/2006-03-01/service-2.sdk-extras.json
DEBUG:botocore.loaders:Loading JSON file: /Users/davidhearl/Github/stock_taking/virtual_environment/lib/python3.12/site-packages/botocore/data/s3/2006-03-01/endpoint-rule-set-1.json.gz
DEBUG:botocore.loaders:Loading JSON file: /Users/davidhearl/Github/stock_taking/virtual_environment/lib/python3.12/site-packages/botocore/data/partitions.json
DEBUG:botocore.hooks:Event creating-client-class.s3: calling handler <function add_generate_presigned_post at 0x1103844a0>
DEBUG:botocore.hooks:Event creating-client-class.s3: calling handler <function lazy_call.<locals>._handler at 0x10af2d3a0>
DEBUG:botocore.hooks:Event creating-client-class.s3: calling handler <function add_generate_presigned_url at 0x110384220>
DEBUG:botocore.regions:Creating a regex based endpoint for s3, lon1
DEBUG:botocore.endpoint:Setting s3 timeout as (60, 60)
DEBUG:botocore.loaders:Loading JSON file: /Users/davidhearl/Github/stock_taking/virtual_environment/lib/python3.12/site-packages/botocore/data/_retry.json
DEBUG:botocore.client:Registering retry handlers for service: s3
DEBUG:botocore.utils:Registering S3 region redirector handler
DEBUG:botocore.utils:Registering S3Express Identity Resolver
DEBUG:boto3.resources.factory:Loading s3:s3
DEBUG:boto3.resources.factory:Loading s3:Bucket
DEBUG:boto3.resources.model:Renaming Bucket attribute name
DEBUG:botocore.hooks:Event creating-resource-class.s3.Bucket: calling handler <function lazy_call.<locals>._handler at 0x11059de40>
DEBUG:boto3.resources.factory:Loading s3:Object
DEBUG:botocore.hooks:Event creating-resource-class.s3.Object: calling handler <function lazy_call.<locals>._handler at 0x11059dee0>
DEBUG:boto3.s3.transfer:Opting out of CRT Transfer Manager. Preferred client: auto, CRT available: False, Instance Optimized: False
DEBUG:boto3.s3.transfer:Using default client. pid: 23281, thread: 8498847360
DEBUG:s3transfer.utils:Acquiring 0
DEBUG:s3transfer.tasks:UploadSubmissionTask(transfer_id=0, {'transfer_future': <s3transfer.futures.TransferFuture object at 0x1110d4110>}) about to wait for the following futures []
DEBUG:s3transfer.tasks:UploadSubmissionTask(transfer_id=0, {'transfer_future': <s3transfer.futures.TransferFuture object at 0x1110d4110>}) done waiting for dependent futures
DEBUG:s3transfer.tasks:Executing task UploadSubmissionTask(transfer_id=0, {'transfer_future': <s3transfer.futures.TransferFuture object at 0x1110d4110>}) with kwargs {'client': <botocore.client.S3 object at 0x11103f2c0>, 'config': <boto3.s3.transfer.TransferConfig object at 0x10ab1e840>, 'osutil': <s3transfer.utils.OSUtils object at 0x1110b0f50>, 'request_executor': <s3transfer.futures.BoundedExecutor object at 0x1110b14c0>, 'transfer_future': <s3transfer.futures.TransferFuture object at 0x1110d4110>}
DEBUG:s3transfer.futures:Submitting task PutObjectTask(transfer_id=0, {'bucket': 'atlas-bucket', 'key': 'media/order_csvs/020483_original_020483_test_accessories.csv', 'extra_args': {'CacheControl': 'max-age=86400', 'ContentType': 'text/csv', 'ACL': 'public-read', 'ChecksumAlgorithm': 'CRC32'}}) to executor <s3transfer.futures.BoundedExecutor object at 0x1110b14c0> for transfer request: 0.
DEBUG:s3transfer.utils:Acquiring 0
DEBUG:s3transfer.tasks:PutObjectTask(transfer_id=0, {'bucket': 'atlas-bucket', 'key': 'media/order_csvs/020483_original_020483_test_accessories.csv', 'extra_args': {'CacheControl': 'max-age=86400', 'ContentType': 'text/csv', 'ACL': 'public-read', 'ChecksumAlgorithm': 'CRC32'}}) about to wait for the following futures []
DEBUG:s3transfer.utils:Releasing acquire 0/None
DEBUG:s3transfer.tasks:PutObjectTask(transfer_id=0, {'bucket': 'atlas-bucket', 'key': 'media/order_csvs/020483_original_020483_test_accessories.csv', 'extra_args': {'CacheControl': 'max-age=86400', 'ContentType': 'text/csv', 'ACL': 'public-read', 'ChecksumAlgorithm': 'CRC32'}}) done waiting for dependent futures
DEBUG:s3transfer.tasks:Executing task PutObjectTask(transfer_id=0, {'bucket': 'atlas-bucket', 'key': 'media/order_csvs/020483_original_020483_test_accessories.csv', 'extra_args': {'CacheControl': 'max-age=86400', 'ContentType': 'text/csv', 'ACL': 'public-read', 'ChecksumAlgorithm': 'CRC32'}}) with kwargs {'client': <botocore.client.S3 object at 0x11103f2c0>, 'fileobj': <s3transfer.utils.ReadFileChunk object at 0x1110d43e0>, 'bucket': 'atlas-bucket', 'key': 'media/order_csvs/020483_original_020483_test_accessories.csv', 'extra_args': {'CacheControl': 'max-age=86400', 'ContentType': 'text/csv', 'ACL': 'public-read', 'ChecksumAlgorithm': 'CRC32'}}
DEBUG:botocore.hooks:Event before-parameter-build.s3.PutObject: calling handler <function validate_ascii_metadata at 0x110435f80>
DEBUG:botocore.hooks:Event before-parameter-build.s3.PutObject: calling handler <function sse_md5 at 0x110435260>
DEBUG:botocore.hooks:Event before-parameter-build.s3.PutObject: calling handler <function convert_body_to_file_like_object at 0x110436980>
DEBUG:botocore.hooks:Event before-parameter-build.s3.PutObject: calling handler <function validate_bucket_name at 0x1104351c0>
DEBUG:botocore.hooks:Event before-parameter-build.s3.PutObject: calling handler <function remove_bucket_from_url_paths_from_model at 0x1104374c0>
DEBUG:botocore.hooks:Event before-parameter-build.s3.PutObject: calling handler <bound method S3RegionRedirectorv2.annotate_request_context of <botocore.utils.S3RegionRedirectorv2 object at 0x10abd2600>>
DEBUG:botocore.hooks:Event before-parameter-build.s3.PutObject: calling handler <bound method ClientCreator._inject_s3_input_parameters of <botocore.client.ClientCreator object at 0x10ae51a30>>
DEBUG:botocore.hooks:Event before-parameter-build.s3.PutObject: calling handler <function generate_idempotent_uuid at 0x110434fe0>
DEBUG:botocore.hooks:Event before-parameter-build.s3.PutObject: calling handler <function _handle_request_validation_mode_member at 0x110437ba0>
DEBUG:botocore.hooks:Event before-endpoint-resolution.s3: calling handler <function customize_endpoint_resolver_builtins at 0x1104376a0>
DEBUG:botocore.hooks:Event before-endpoint-resolution.s3: calling handler <bound method S3RegionRedirectorv2.redirect_from_cache of <botocore.utils.S3RegionRedirectorv2 object at 0x10abd2600>>
DEBUG:botocore.regions:Calling endpoint provider with parameters: {'Bucket': 'atlas-bucket', 'Region': 'lon1', 'UseFIPS': False, 'UseDualStack': False, 'Endpoint': 'https://lon1.digitaloceanspaces.com', 'ForcePathStyle': True, 'Accelerate': False, 'UseGlobalEndpoint': False, 'Key': 'media/order_csvs/020483_original_020483_test_accessories.csv', 'DisableMultiRegionAccessPoints': False, 'UseArnRegion': True}
DEBUG:botocore.regions:Endpoint provider result: https://lon1.digitaloceanspaces.com/atlas-bucket
DEBUG:botocore.regions:Selecting from endpoint provider's list of auth schemes: "sigv4". User selected auth scheme is: "None"
DEBUG:botocore.regions:Selected auth type "v4" as "v4" with signing context params: {'region': 'lon1', 'signing_name': 's3', 'disableDoubleEncoding': True}
DEBUG:botocore.hooks:Event before-call.s3.PutObject: calling handler <function add_expect_header at 0x110435580>
DEBUG:botocore.handlers:Adding expect 100 continue header to request.
DEBUG:botocore.hooks:Event before-call.s3.PutObject: calling handler <bound method S3ExpressIdentityResolver.apply_signing_cache_key of <botocore.utils.S3ExpressIdentityResolver object at 0x111074350>>
DEBUG:botocore.hooks:Event before-call.s3.PutObject: calling handler <function add_recursion_detection_header at 0x110434900>
DEBUG:botocore.hooks:Event before-call.s3.PutObject: calling handler <function inject_api_version_header_if_needed at 0x110436ac0>
DEBUG:botocore.endpoint:Making request for OperationModel(name=PutObject) with params: {'url_path': '/media/order_csvs/020483_original_020483_test_accessories.csv', 'query_string': {}, 'method': 'PUT', 'headers': {'Cache-Control': 'max-age=86400', 'Content-Type': 'text/csv', 'x-amz-acl': 'public-read', 'x-amz-sdk-checksum-algorithm': 'CRC32', 'User-Agent': 'Boto3/1.42.48 md/Botocore#1.42.48 ua/2.1 os/macos#25.5.0 md/arch#arm64 lang/python#3.12.13 md/pyimpl#CPython m/b,G,D,e,Z,N cfg/retry-mode#legacy Botocore/1.42.48 Resource', 'Expect': '100-continue', 'Transfer-Encoding': 'chunked', 'Content-Encoding': 'aws-chunked', 'X-Amz-Trailer': 'x-amz-checksum-crc32', 'X-Amz-Decoded-Content-Length': '306'}, 'body': <botocore.httpchecksum.AwsChunkedWrapper object at 0x10af613a0>, 'auth_path': '/atlas-bucket/media/order_csvs/020483_original_020483_test_accessories.csv', 'url': 'https://lon1.digitaloceanspaces.com/atlas-bucket/media/order_csvs/020483_original_020483_test_accessories.csv', 'context': {'client_region': 'lon1', 'client_config': <botocore.config.Config object at 0x1102d2cf0>, 'has_streaming_input': True, 'auth_type': 'v4', 'unsigned_payload': None, 'auth_options': ['aws.auth#sigv4'], 's3_redirect': {'redirected': False, 'bucket': 'atlas-bucket', 'params': {'Bucket': 'atlas-bucket', 'Key': 'media/order_csvs/020483_original_020483_test_accessories.csv', 'Body': <s3transfer.utils.ReadFileChunk object at 0x1110d43e0>, 'CacheControl': 'max-age=86400', 'ContentType': 'text/csv', 'ACL': 'public-read', 'ChecksumAlgorithm': 'CRC32'}}, 'input_params': {'Bucket': 'atlas-bucket', 'Key': 'media/order_csvs/020483_original_020483_test_accessories.csv'}, 'signing': {'region': 'lon1', 'signing_name': 's3', 'disableDoubleEncoding': True}, 'endpoint_properties': {'authSchemes': [{'disableDoubleEncoding': True, 'name': 'sigv4', 'signingName': 's3', 'signingRegion': 'lon1'}]}, 'checksum': {'request_algorithm': {'algorithm': 'crc32', 'in': 'trailer', 'name': 'x-amz-checksum-crc32'}}}}
DEBUG:botocore.hooks:Event request-created.s3.PutObject: calling handler <function signal_not_transferring at 0x1100f4540>
DEBUG:botocore.hooks:Event request-created.s3.PutObject: calling handler <bound method RequestSigner.handler of <botocore.signers.RequestSigner object at 0x10adf3d10>>
DEBUG:botocore.hooks:Event choose-signer.s3.PutObject: calling handler <function set_operation_specific_signer at 0x110434d60>
DEBUG:botocore.hooks:Event before-sign.s3.PutObject: calling handler <function remove_arn_from_signing_path at 0x110437600>
DEBUG:botocore.hooks:Event before-sign.s3.PutObject: calling handler <function _set_extra_headers_for_unsigned_request at 0x110437c40>
DEBUG:botocore.hooks:Event before-sign.s3.PutObject: calling handler <bound method S3ExpressIdentityResolver.resolve_s3express_identity of <botocore.utils.S3ExpressIdentityResolver object at 0x111074350>>
DEBUG:botocore.auth:Calculating signature using v4 auth.
DEBUG:botocore.auth:CanonicalRequest:
PUT
/atlas-bucket/media/order_csvs/020483_original_020483_test_accessories.csv

cache-control:max-age=86400
content-encoding:aws-chunked
content-type:text/csv
host:lon1.digitaloceanspaces.com
x-amz-acl:public-read
x-amz-content-sha256:STREAMING-UNSIGNED-PAYLOAD-TRAILER
x-amz-date:20260611T094525Z
x-amz-decoded-content-length:306
x-amz-sdk-checksum-algorithm:CRC32
x-amz-trailer:x-amz-checksum-crc32

cache-control;content-encoding;content-type;host;x-amz-acl;x-amz-content-sha256;x-amz-date;x-amz-decoded-content-length;x-amz-sdk-checksum-algorithm;x-amz-trailer
STREAMING-UNSIGNED-PAYLOAD-TRAILER
DEBUG:botocore.auth:StringToSign:
AWS4-HMAC-SHA256
20260611T094525Z
20260611/lon1/s3/aws4_request
50cd8e3db6890f5c9a035dde4af881368342cad7d4d1708f5329f27134ecdc86
DEBUG:botocore.auth:Signature:
afa91dc6537f51921f428dc687c9a551d8bdd83a6429f1c4e0c47af64073b7b5
DEBUG:botocore.hooks:Event request-created.s3.PutObject: calling handler <bound method UserAgentString.rebuild_and_replace_user_agent_handler of <botocore.useragent.UserAgentString object at 0x111084740>>
DEBUG:botocore.hooks:Event request-created.s3.PutObject: calling handler <function signal_transferring at 0x110222160>
DEBUG:botocore.hooks:Event request-created.s3.PutObject: calling handler <function add_retry_headers at 0x110437420>
DEBUG:botocore.endpoint:Sending http request: <AWSPreparedRequest stream_output=False, method=PUT, url=https://lon1.digitaloceanspaces.com/atlas-bucket/media/order_csvs/020483_original_020483_test_accessories.csv, headers={'Cache-Control': b'max-age=86400', 'Content-Type': b'text/csv', 'x-amz-acl': b'public-read', 'x-amz-sdk-checksum-algorithm': b'CRC32', 'User-Agent': b'Boto3/1.42.48 md/Botocore#1.42.48 ua/2.1 os/macos#25.5.0 md/arch#arm64 lang/python#3.12.13 md/pyimpl#CPython m/U,b,G,D,e,Z,N cfg/retry-mode#legacy Botocore/1.42.48 Resource', 'Expect': b'100-continue', 'Transfer-Encoding': b'chunked', 'Content-Encoding': b'aws-chunked', 'X-Amz-Trailer': b'x-amz-checksum-crc32', 'X-Amz-Decoded-Content-Length': b'306', 'X-Amz-Date': b'20260611T094525Z', 'X-Amz-Content-SHA256': b'STREAMING-UNSIGNED-PAYLOAD-TRAILER', 'Authorization': b'AWS4-HMAC-SHA256 Credential=DO0023DL7JL6NXZE7P2K/20260611/lon1/s3/aws4_request, SignedHeaders=cache-control;content-encoding;content-type;host;x-amz-acl;x-amz-content-sha256;x-amz-date;x-amz-decoded-content-length;x-amz-sdk-checksum-algorithm;x-amz-trailer, Signature=afa91dc6537f51921f428dc687c9a551d8bdd83a6429f1c4e0c47af64073b7b5', 'amz-sdk-invocation-id': b'3f836a46-f7eb-4b28-ae2e-006ecf286377', 'amz-sdk-request': b'attempt=1'}>
DEBUG:botocore.httpsession:Certificate path: /Users/davidhearl/Github/stock_taking/virtual_environment/lib/python3.12/site-packages/certifi/cacert.pem
DEBUG:urllib3.connectionpool:Starting new HTTPS connection (1): lon1.digitaloceanspaces.com:443
DEBUG:botocore.awsrequest:Waiting for 100 Continue response.
DEBUG:botocore.awsrequest:100 Continue response seen, now sending request body.
DEBUG:urllib3.connectionpool:https://lon1.digitaloceanspaces.com:443 "PUT /atlas-bucket/media/order_csvs/020483_original_020483_test_accessories.csv HTTP/1.1" 200 0
DEBUG:botocore.hooks:Event before-parse.s3.PutObject: calling handler <function _handle_200_error at 0x1104379c0>
DEBUG:botocore.hooks:Event before-parse.s3.PutObject: calling handler <function handle_expires_header at 0x1104377e0>
DEBUG:botocore.parsers:Response headers: {'content-length': '0', 'etag': '"c058f094c96aadb2b21f5a3677b2a78e"', 'accept-ranges': 'bytes', 'x-amz-request-id': 'tx000005c2303160cb48b76-006a2a83a6-3e70515-lon1a', 'date': 'Thu, 11 Jun 2026 09:45:10 GMT', 'strict-transport-security': 'max-age=15552000; includeSubDomains; preload'}
DEBUG:botocore.parsers:Response body:
b''
DEBUG:botocore.hooks:Event needs-retry.s3.PutObject: calling handler <function _update_status_code at 0x110437b00>
DEBUG:botocore.hooks:Event needs-retry.s3.PutObject: calling handler <botocore.retryhandler.RetryHandler object at 0x111084d10>
DEBUG:botocore.retryhandler:No retry needed.
DEBUG:botocore.hooks:Event needs-retry.s3.PutObject: calling handler <bound method S3RegionRedirectorv2.redirect_from_error of <botocore.utils.S3RegionRedirectorv2 object at 0x10abd2600>>
DEBUG:s3transfer.utils:Releasing acquire 0/None
INFO:root:Detected CSV delimiter: ','
INFO:root:CSV fieldnames: ['Sku', 'Name', 'CostPrice', 'SellPrice', 'Quantity', 'Billable', 'Description']
INFO:root:Processing row 1: {'Sku': 'MISSING123', 'Name': 'Missing Test Item', 'CostPrice': '10.50', 'SellPrice': '15.75', 'Quantity': '2', 'Billable': 'TRUE', 'Description': 'This item should be substituted'}
INFO:root:Creating substitution for missing SKU: MISSING123
INFO:root:Substitution created for MISSING123, total created: 1
INFO:root:Processing row 2: {'Sku': 'EXISTING456', 'Name': 'Existing Test Item', 'CostPrice': '5.25', 'SellPrice': '8.99', 'Quantity': '1', 'Billable': 'TRUE', 'Description': 'This item should work normally'}
INFO:root:Creating substitution for missing SKU: EXISTING456
INFO:root:Substitution created for EXISTING456, total created: 2
INFO:root:Processing row 3: {'Sku': 'MISSING789', 'Name': 'Another Missing Item', 'CostPrice': '20.00', 'SellPrice': '30.00', 'Quantity': '1', 'Billable': 'TRUE', 'Description': 'This should create a new substitution'}
INFO:root:Creating substitution for missing SKU: MISSING789
INFO:root:Substitution created for MISSING789, total created: 3
DEBUG:boto3.resources.factory:Loading s3:Object
DEBUG:botocore.hooks:Event creating-resource-class.s3.Object: calling handler <function lazy_call.<locals>._handler at 0x11059dee0>
DEBUG:boto3.s3.transfer:Opting out of CRT Transfer Manager. Preferred client: auto, CRT available: False, Instance Optimized: False
DEBUG:boto3.s3.transfer:Using default client. pid: 23281, thread: 8498847360
DEBUG:s3transfer.utils:Acquiring 0
DEBUG:s3transfer.tasks:UploadSubmissionTask(transfer_id=0, {'transfer_future': <s3transfer.futures.TransferFuture object at 0x111129460>}) about to wait for the following futures []
DEBUG:s3transfer.tasks:UploadSubmissionTask(transfer_id=0, {'transfer_future': <s3transfer.futures.TransferFuture object at 0x111129460>}) done waiting for dependent futures
DEBUG:s3transfer.tasks:Executing task UploadSubmissionTask(transfer_id=0, {'transfer_future': <s3transfer.futures.TransferFuture object at 0x111129460>}) with kwargs {'client': <botocore.client.S3 object at 0x11103f2c0>, 'config': <boto3.s3.transfer.TransferConfig object at 0x10ab1e840>, 'osutil': <s3transfer.utils.OSUtils object at 0x1110d70b0>, 'request_executor': <s3transfer.futures.BoundedExecutor object at 0x1110d7110>, 'transfer_future': <s3transfer.futures.TransferFuture object at 0x111129460>}
DEBUG:s3transfer.futures:Submitting task PutObjectTask(transfer_id=0, {'bucket': 'atlas-bucket', 'key': 'media/order_csvs/020483_processed_020483_test_accessories.csv', 'extra_args': {'CacheControl': 'max-age=86400', 'ContentType': 'text/csv', 'ACL': 'public-read', 'ChecksumAlgorithm': 'CRC32'}}) to executor <s3transfer.futures.BoundedExecutor object at 0x1110d7110> for transfer request: 0.
DEBUG:s3transfer.utils:Acquiring 0
DEBUG:s3transfer.tasks:PutObjectTask(transfer_id=0, {'bucket': 'atlas-bucket', 'key': 'media/order_csvs/020483_processed_020483_test_accessories.csv', 'extra_args': {'CacheControl': 'max-age=86400', 'ContentType': 'text/csv', 'ACL': 'public-read', 'ChecksumAlgorithm': 'CRC32'}}) about to wait for the following futures []
DEBUG:s3transfer.tasks:PutObjectTask(transfer_id=0, {'bucket': 'atlas-bucket', 'key': 'media/order_csvs/020483_processed_020483_test_accessories.csv', 'extra_args': {'CacheControl': 'max-age=86400', 'ContentType': 'text/csv', 'ACL': 'public-read', 'ChecksumAlgorithm': 'CRC32'}}) done waiting for dependent futures
DEBUG:s3transfer.tasks:Executing task PutObjectTask(transfer_id=0, {'bucket': 'atlas-bucket', 'key': 'media/order_csvs/020483_processed_020483_test_accessories.csv', 'extra_args': {'CacheControl': 'max-age=86400', 'ContentType': 'text/csv', 'ACL': 'public-read', 'ChecksumAlgorithm': 'CRC32'}}) with kwargs {'client': <botocore.client.S3 object at 0x11103f2c0>, 'fileobj': <s3transfer.utils.ReadFileChunk object at 0x111129910>, 'bucket': 'atlas-bucket', 'key': 'media/order_csvs/020483_processed_020483_test_accessories.csv', 'extra_args': {'CacheControl': 'max-age=86400', 'ContentType': 'text/csv', 'ACL': 'public-read', 'ChecksumAlgorithm': 'CRC32'}}
DEBUG:botocore.hooks:Event before-parameter-build.s3.PutObject: calling handler <function validate_ascii_metadata at 0x110435f80>
DEBUG:botocore.hooks:Event before-parameter-build.s3.PutObject: calling handler <function sse_md5 at 0x110435260>
DEBUG:botocore.hooks:Event before-parameter-build.s3.PutObject: calling handler <function convert_body_to_file_like_object at 0x110436980>
DEBUG:botocore.hooks:Event before-parameter-build.s3.PutObject: calling handler <function validate_bucket_name at 0x1104351c0>
DEBUG:botocore.hooks:Event before-parameter-build.s3.PutObject: calling handler <function remove_bucket_from_url_paths_from_model at 0x1104374c0>
DEBUG:botocore.hooks:Event before-parameter-build.s3.PutObject: calling handler <bound method S3RegionRedirectorv2.annotate_request_context of <botocore.utils.S3RegionRedirectorv2 object at 0x10abd2600>>
DEBUG:botocore.hooks:Event before-parameter-build.s3.PutObject: calling handler <bound method ClientCreator._inject_s3_input_parameters of <botocore.client.ClientCreator object at 0x10ae51a30>>
DEBUG:botocore.hooks:Event before-parameter-build.s3.PutObject: calling handler <function generate_idempotent_uuid at 0x110434fe0>
DEBUG:botocore.hooks:Event before-parameter-build.s3.PutObject: calling handler <function _handle_request_validation_mode_member at 0x110437ba0>
DEBUG:botocore.hooks:Event before-endpoint-resolution.s3: calling handler <function customize_endpoint_resolver_builtins at 0x1104376a0>
DEBUG:botocore.hooks:Event before-endpoint-resolution.s3: calling handler <bound method S3RegionRedirectorv2.redirect_from_cache of <botocore.utils.S3RegionRedirectorv2 object at 0x10abd2600>>
DEBUG:botocore.regions:Calling endpoint provider with parameters: {'Bucket': 'atlas-bucket', 'Region': 'lon1', 'UseFIPS': False, 'UseDualStack': False, 'Endpoint': 'https://lon1.digitaloceanspaces.com', 'ForcePathStyle': True, 'Accelerate': False, 'UseGlobalEndpoint': False, 'Key': 'media/order_csvs/020483_processed_020483_test_accessories.csv', 'DisableMultiRegionAccessPoints': False, 'UseArnRegion': True}
DEBUG:botocore.regions:Endpoint provider result: https://lon1.digitaloceanspaces.com/atlas-bucket
DEBUG:botocore.regions:Selecting from endpoint provider's list of auth schemes: "sigv4". User selected auth scheme is: "None"
DEBUG:botocore.regions:Selected auth type "v4" as "v4" with signing context params: {'region': 'lon1', 'signing_name': 's3', 'disableDoubleEncoding': True}
DEBUG:botocore.hooks:Event before-call.s3.PutObject: calling handler <function add_expect_header at 0x110435580>
DEBUG:botocore.handlers:Adding expect 100 continue header to request.
DEBUG:botocore.hooks:Event before-call.s3.PutObject: calling handler <bound method S3ExpressIdentityResolver.apply_signing_cache_key of <botocore.utils.S3ExpressIdentityResolver object at 0x111074350>>
DEBUG:s3transfer.utils:Releasing acquire 0/None
DEBUG:botocore.hooks:Event before-call.s3.PutObject: calling handler <function add_recursion_detection_header at 0x110434900>
DEBUG:botocore.hooks:Event before-call.s3.PutObject: calling handler <function inject_api_version_header_if_needed at 0x110436ac0>
DEBUG:botocore.endpoint:Making request for OperationModel(name=PutObject) with params: {'url_path': '/media/order_csvs/020483_processed_020483_test_accessories.csv', 'query_string': {}, 'method': 'PUT', 'headers': {'Cache-Control': 'max-age=86400', 'Content-Type': 'text/csv', 'x-amz-acl': 'public-read', 'x-amz-sdk-checksum-algorithm': 'CRC32', 'User-Agent': 'Boto3/1.42.48 md/Botocore#1.42.48 ua/2.1 os/macos#25.5.0 md/arch#arm64 lang/python#3.12.13 md/pyimpl#CPython m/b,G,D,e,Z,N cfg/retry-mode#legacy Botocore/1.42.48 Resource', 'Expect': '100-continue', 'Transfer-Encoding': 'chunked', 'Content-Encoding': 'aws-chunked', 'X-Amz-Trailer': 'x-amz-checksum-crc32', 'X-Amz-Decoded-Content-Length': '300'}, 'body': <botocore.httpchecksum.AwsChunkedWrapper object at 0x111129e20>, 'auth_path': '/atlas-bucket/media/order_csvs/020483_processed_020483_test_accessories.csv', 'url': 'https://lon1.digitaloceanspaces.com/atlas-bucket/media/order_csvs/020483_processed_020483_test_accessories.csv', 'context': {'client_region': 'lon1', 'client_config': <botocore.config.Config object at 0x1102d2cf0>, 'has_streaming_input': True, 'auth_type': 'v4', 'unsigned_payload': None, 'auth_options': ['aws.auth#sigv4'], 's3_redirect': {'redirected': False, 'bucket': 'atlas-bucket', 'params': {'Bucket': 'atlas-bucket', 'Key': 'media/order_csvs/020483_processed_020483_test_accessories.csv', 'Body': <s3transfer.utils.ReadFileChunk object at 0x111129910>, 'CacheControl': 'max-age=86400', 'ContentType': 'text/csv', 'ACL': 'public-read', 'ChecksumAlgorithm': 'CRC32'}}, 'input_params': {'Bucket': 'atlas-bucket', 'Key': 'media/order_csvs/020483_processed_020483_test_accessories.csv'}, 'signing': {'region': 'lon1', 'signing_name': 's3', 'disableDoubleEncoding': True}, 'endpoint_properties': {'authSchemes': [{'disableDoubleEncoding': True, 'name': 'sigv4', 'signingName': 's3', 'signingRegion': 'lon1'}]}, 'checksum': {'request_algorithm': {'algorithm': 'crc32', 'in': 'trailer', 'name': 'x-amz-checksum-crc32'}}}}
DEBUG:botocore.hooks:Event request-created.s3.PutObject: calling handler <function signal_not_transferring at 0x1100f4540>
DEBUG:botocore.hooks:Event request-created.s3.PutObject: calling handler <bound method RequestSigner.handler of <botocore.signers.RequestSigner object at 0x10adf3d10>>
DEBUG:botocore.hooks:Event choose-signer.s3.PutObject: calling handler <function set_operation_specific_signer at 0x110434d60>
DEBUG:botocore.hooks:Event before-sign.s3.PutObject: calling handler <function remove_arn_from_signing_path at 0x110437600>
DEBUG:botocore.hooks:Event before-sign.s3.PutObject: calling handler <function _set_extra_headers_for_unsigned_request at 0x110437c40>
DEBUG:botocore.hooks:Event before-sign.s3.PutObject: calling handler <bound method S3ExpressIdentityResolver.resolve_s3express_identity of <botocore.utils.S3ExpressIdentityResolver object at 0x111074350>>
DEBUG:botocore.auth:Calculating signature using v4 auth.
DEBUG:botocore.auth:CanonicalRequest:
PUT
/atlas-bucket/media/order_csvs/020483_processed_020483_test_accessories.csv

cache-control:max-age=86400
content-encoding:aws-chunked
content-type:text/csv
host:lon1.digitaloceanspaces.com
x-amz-acl:public-read
x-amz-content-sha256:STREAMING-UNSIGNED-PAYLOAD-TRAILER
x-amz-date:20260611T094526Z
x-amz-decoded-content-length:300
x-amz-sdk-checksum-algorithm:CRC32
x-amz-trailer:x-amz-checksum-crc32

cache-control;content-encoding;content-type;host;x-amz-acl;x-amz-content-sha256;x-amz-date;x-amz-decoded-content-length;x-amz-sdk-checksum-algorithm;x-amz-trailer
STREAMING-UNSIGNED-PAYLOAD-TRAILER
DEBUG:botocore.auth:StringToSign:
AWS4-HMAC-SHA256
20260611T094526Z
20260611/lon1/s3/aws4_request
f0cc3b680b9880b229239c0415276fa5e60a20db444bd048afd710eabeceebdd
DEBUG:botocore.auth:Signature:
13fb9a5eb83719ca50f9dc3ef9cdb43c05814823ba880d48aa37ef2fdf8c7606
DEBUG:botocore.hooks:Event request-created.s3.PutObject: calling handler <bound method UserAgentString.rebuild_and_replace_user_agent_handler of <botocore.useragent.UserAgentString object at 0x111084740>>
DEBUG:botocore.hooks:Event request-created.s3.PutObject: calling handler <function signal_transferring at 0x110222160>
DEBUG:botocore.hooks:Event request-created.s3.PutObject: calling handler <function add_retry_headers at 0x110437420>
DEBUG:botocore.endpoint:Sending http request: <AWSPreparedRequest stream_output=False, method=PUT, url=https://lon1.digitaloceanspaces.com/atlas-bucket/media/order_csvs/020483_processed_020483_test_accessories.csv, headers={'Cache-Control': b'max-age=86400', 'Content-Type': b'text/csv', 'x-amz-acl': b'public-read', 'x-amz-sdk-checksum-algorithm': b'CRC32', 'User-Agent': b'Boto3/1.42.48 md/Botocore#1.42.48 ua/2.1 os/macos#25.5.0 md/arch#arm64 lang/python#3.12.13 md/pyimpl#CPython m/U,b,G,D,e,Z,N cfg/retry-mode#legacy Botocore/1.42.48 Resource', 'Expect': b'100-continue', 'Transfer-Encoding': b'chunked', 'Content-Encoding': b'aws-chunked', 'X-Amz-Trailer': b'x-amz-checksum-crc32', 'X-Amz-Decoded-Content-Length': b'300', 'X-Amz-Date': b'20260611T094526Z', 'X-Amz-Content-SHA256': b'STREAMING-UNSIGNED-PAYLOAD-TRAILER', 'Authorization': b'AWS4-HMAC-SHA256 Credential=DO0023DL7JL6NXZE7P2K/20260611/lon1/s3/aws4_request, SignedHeaders=cache-control;content-encoding;content-type;host;x-amz-acl;x-amz-content-sha256;x-amz-date;x-amz-decoded-content-length;x-amz-sdk-checksum-algorithm;x-amz-trailer, Signature=13fb9a5eb83719ca50f9dc3ef9cdb43c05814823ba880d48aa37ef2fdf8c7606', 'amz-sdk-invocation-id': b'7ee83f48-701d-4410-871a-93bc5c432acd', 'amz-sdk-request': b'attempt=1'}>
DEBUG:botocore.httpsession:Certificate path: /Users/davidhearl/Github/stock_taking/virtual_environment/lib/python3.12/site-packages/certifi/cacert.pem
DEBUG:botocore.awsrequest:Waiting for 100 Continue response.
DEBUG:botocore.awsrequest:100 Continue response seen, now sending request body.
DEBUG:urllib3.connectionpool:https://lon1.digitaloceanspaces.com:443 "PUT /atlas-bucket/media/order_csvs/020483_processed_020483_test_accessories.csv HTTP/1.1" 200 0
DEBUG:botocore.hooks:Event before-parse.s3.PutObject: calling handler <function _handle_200_error at 0x1104379c0>
DEBUG:botocore.hooks:Event before-parse.s3.PutObject: calling handler <function handle_expires_header at 0x1104377e0>
DEBUG:botocore.parsers:Response headers: {'content-length': '0', 'etag': '"5f2361c79045892a3cfa2b5297505cfb"', 'accept-ranges': 'bytes', 'x-amz-request-id': 'tx0000069d5e7488d30a942-006a2a83a6-3e25803-lon1a', 'date': 'Thu, 11 Jun 2026 09:45:11 GMT', 'strict-transport-security': 'max-age=15552000; includeSubDomains; preload'}
DEBUG:botocore.parsers:Response body:
b''
DEBUG:botocore.hooks:Event needs-retry.s3.PutObject: calling handler <function _update_status_code at 0x110437b00>
DEBUG:botocore.hooks:Event needs-retry.s3.PutObject: calling handler <botocore.retryhandler.RetryHandler object at 0x111084d10>
DEBUG:botocore.retryhandler:No retry needed.
DEBUG:botocore.hooks:Event needs-retry.s3.PutObject: calling handler <bound method S3RegionRedirectorv2.redirect_from_error of <botocore.utils.S3RegionRedirectorv2 object at 0x10abd2600>>
DEBUG:s3transfer.utils:Releasing acquire 0/None
ERROR:root:Exception processing CSV file: 020483_test_accessories.csv, error: You cannot add messages without installing django.contrib.messages.middleware.MessageMiddleware
ERROR:root:Traceback (most recent call last):
  File "/Users/davidhearl/Github/stock_taking/virtual_environment/lib/python3.12/site-packages/django/contrib/messages/api.py", line 27, in add_message
    messages = request._messages
               ^^^^^^^^^^^^^^^^^
AttributeError: 'WSGIRequest' object has no attribute '_messages'

During handling of the above exception, another exception occurred:

Traceback (most recent call last):
  File "/Users/davidhearl/Github/stock_taking/stock_take/views.py", line 9680, in upload_accessories_csv
    messages.success(request, success_msg)
  File "/Users/davidhearl/Github/stock_taking/virtual_environment/lib/python3.12/site-packages/django/contrib/messages/api.py", line 99, in success
    add_message(
  File "/Users/davidhearl/Github/stock_taking/virtual_environment/lib/python3.12/site-packages/django/contrib/messages/api.py", line 35, in add_message
    raise MessageFailure(
django.contrib.messages.api.MessageFailure: You cannot add messages without installing django.contrib.messages.middleware.MessageMiddleware

DEBUG:urllib3.connectionpool:Starting new HTTPS connection (1): sliderobes.anthillcrm.com:443
DEBUG:urllib3.connectionpool:https://sliderobes.anthillcrm.com:443 "GET /api/v1.asmx?WSDL HTTP/1.1" 200 22295
INFO:root:upload_accessories_csv called with method: POST
INFO:root:csv_file received: 020483_test_accessories.csv
INFO:root:filename: 020483_test_accessories.csv, number_matches: ['020483']
INFO:root:potential_customer_numbers: ['020483', '0020483']
INFO:root:matching_orders count: 1
INFO:root:Using order: 020483 - Lesley Megarity
DEBUG:botocore.hooks:Changing event name from creating-client-class.iot-data to creating-client-class.iot-data-plane
DEBUG:botocore.hooks:Changing event name from before-call.apigateway to before-call.api-gateway
DEBUG:botocore.hooks:Changing event name from request-created.machinelearning.Predict to request-created.machine-learning.Predict
DEBUG:botocore.hooks:Changing event name from before-parameter-build.autoscaling.CreateLaunchConfiguration to before-parameter-build.auto-scaling.CreateLaunchConfiguration
DEBUG:botocore.hooks:Changing event name from before-parameter-build.route53 to before-parameter-build.route-53
DEBUG:botocore.hooks:Changing event name from request-created.cloudsearchdomain.Search to request-created.cloudsearch-domain.Search
DEBUG:botocore.hooks:Changing event name from docs.*.autoscaling.CreateLaunchConfiguration.complete-section to docs.*.auto-scaling.CreateLaunchConfiguration.complete-section
DEBUG:botocore.hooks:Changing event name from before-parameter-build.logs.CreateExportTask to before-parameter-build.cloudwatch-logs.CreateExportTask
DEBUG:botocore.hooks:Changing event name from docs.*.logs.CreateExportTask.complete-section to docs.*.cloudwatch-logs.CreateExportTask.complete-section
DEBUG:botocore.hooks:Changing event name from before-parameter-build.cloudsearchdomain.Search to before-parameter-build.cloudsearch-domain.Search
DEBUG:botocore.hooks:Changing event name from docs.*.cloudsearchdomain.Search.complete-section to docs.*.cloudsearch-domain.Search.complete-section
DEBUG:botocore.loaders:Loading JSON file: /Users/davidhearl/Github/stock_taking/virtual_environment/lib/python3.12/site-packages/boto3/data/s3/2006-03-01/resources-1.json
DEBUG:botocore.loaders:Loading JSON file: /Users/davidhearl/Github/stock_taking/virtual_environment/lib/python3.12/site-packages/botocore/data/endpoints.json
DEBUG:botocore.loaders:Loading JSON file: /Users/davidhearl/Github/stock_taking/virtual_environment/lib/python3.12/site-packages/botocore/data/sdk-default-configuration.json
DEBUG:botocore.hooks:Event choose-service-name: calling handler <function handle_service_name_alias at 0x111d07100>
DEBUG:botocore.loaders:Loading JSON file: /Users/davidhearl/Github/stock_taking/virtual_environment/lib/python3.12/site-packages/botocore/data/s3/2006-03-01/service-2.json.gz
DEBUG:botocore.loaders:Loading JSON file: /Users/davidhearl/Github/stock_taking/virtual_environment/lib/python3.12/site-packages/botocore/data/s3/2006-03-01/service-2.sdk-extras.json
DEBUG:botocore.loaders:Loading JSON file: /Users/davidhearl/Github/stock_taking/virtual_environment/lib/python3.12/site-packages/botocore/data/s3/2006-03-01/endpoint-rule-set-1.json.gz
DEBUG:botocore.loaders:Loading JSON file: /Users/davidhearl/Github/stock_taking/virtual_environment/lib/python3.12/site-packages/botocore/data/partitions.json
DEBUG:botocore.hooks:Event creating-client-class.s3: calling handler <function add_generate_presigned_post at 0x111c84400>
DEBUG:botocore.hooks:Event creating-client-class.s3: calling handler <function lazy_call.<locals>._handler at 0x111879300>
DEBUG:botocore.hooks:Event creating-client-class.s3: calling handler <function add_generate_presigned_url at 0x111c84180>
DEBUG:botocore.regions:Creating a regex based endpoint for s3, lon1
DEBUG:botocore.endpoint:Setting s3 timeout as (60, 60)
DEBUG:botocore.loaders:Loading JSON file: /Users/davidhearl/Github/stock_taking/virtual_environment/lib/python3.12/site-packages/botocore/data/_retry.json
DEBUG:botocore.client:Registering retry handlers for service: s3
DEBUG:botocore.utils:Registering S3 region redirector handler
DEBUG:botocore.utils:Registering S3Express Identity Resolver
DEBUG:boto3.resources.factory:Loading s3:s3
DEBUG:boto3.resources.factory:Loading s3:Bucket
DEBUG:boto3.resources.model:Renaming Bucket attribute name
DEBUG:botocore.hooks:Event creating-resource-class.s3.Bucket: calling handler <function lazy_call.<locals>._handler at 0x111ea1da0>
DEBUG:boto3.resources.factory:Loading s3:Object
DEBUG:botocore.hooks:Event creating-resource-class.s3.Object: calling handler <function lazy_call.<locals>._handler at 0x111ea1e40>
DEBUG:boto3.s3.transfer:Opting out of CRT Transfer Manager. Preferred client: auto, CRT available: False, Instance Optimized: False
DEBUG:boto3.s3.transfer:Using default client. pid: 23628, thread: 8498847360
DEBUG:s3transfer.utils:Acquiring 0
DEBUG:s3transfer.tasks:UploadSubmissionTask(transfer_id=0, {'transfer_future': <s3transfer.futures.TransferFuture object at 0x1129d41a0>}) about to wait for the following futures []
DEBUG:s3transfer.tasks:UploadSubmissionTask(transfer_id=0, {'transfer_future': <s3transfer.futures.TransferFuture object at 0x1129d41a0>}) done waiting for dependent futures
DEBUG:s3transfer.tasks:Executing task UploadSubmissionTask(transfer_id=0, {'transfer_future': <s3transfer.futures.TransferFuture object at 0x1129d41a0>}) with kwargs {'client': <botocore.client.S3 object at 0x11293f3b0>, 'config': <boto3.s3.transfer.TransferConfig object at 0x10c733560>, 'osutil': <s3transfer.utils.OSUtils object at 0x1129b16a0>, 'request_executor': <s3transfer.futures.BoundedExecutor object at 0x1129b1490>, 'transfer_future': <s3transfer.futures.TransferFuture object at 0x1129d41a0>}
DEBUG:s3transfer.futures:Submitting task PutObjectTask(transfer_id=0, {'bucket': 'atlas-bucket', 'key': 'media/order_csvs/020483_original_020483_test_accessories.csv', 'extra_args': {'CacheControl': 'max-age=86400', 'ContentType': 'text/csv', 'ACL': 'public-read', 'ChecksumAlgorithm': 'CRC32'}}) to executor <s3transfer.futures.BoundedExecutor object at 0x1129b1490> for transfer request: 0.
DEBUG:s3transfer.utils:Acquiring 0
DEBUG:s3transfer.tasks:PutObjectTask(transfer_id=0, {'bucket': 'atlas-bucket', 'key': 'media/order_csvs/020483_original_020483_test_accessories.csv', 'extra_args': {'CacheControl': 'max-age=86400', 'ContentType': 'text/csv', 'ACL': 'public-read', 'ChecksumAlgorithm': 'CRC32'}}) about to wait for the following futures []
DEBUG:s3transfer.utils:Releasing acquire 0/None
DEBUG:s3transfer.tasks:PutObjectTask(transfer_id=0, {'bucket': 'atlas-bucket', 'key': 'media/order_csvs/020483_original_020483_test_accessories.csv', 'extra_args': {'CacheControl': 'max-age=86400', 'ContentType': 'text/csv', 'ACL': 'public-read', 'ChecksumAlgorithm': 'CRC32'}}) done waiting for dependent futures
DEBUG:s3transfer.tasks:Executing task PutObjectTask(transfer_id=0, {'bucket': 'atlas-bucket', 'key': 'media/order_csvs/020483_original_020483_test_accessories.csv', 'extra_args': {'CacheControl': 'max-age=86400', 'ContentType': 'text/csv', 'ACL': 'public-read', 'ChecksumAlgorithm': 'CRC32'}}) with kwargs {'client': <botocore.client.S3 object at 0x11293f3b0>, 'fileobj': <s3transfer.utils.ReadFileChunk object at 0x1129d4260>, 'bucket': 'atlas-bucket', 'key': 'media/order_csvs/020483_original_020483_test_accessories.csv', 'extra_args': {'CacheControl': 'max-age=86400', 'ContentType': 'text/csv', 'ACL': 'public-read', 'ChecksumAlgorithm': 'CRC32'}}
DEBUG:botocore.hooks:Event before-parameter-build.s3.PutObject: calling handler <function validate_ascii_metadata at 0x111d1dee0>
DEBUG:botocore.hooks:Event before-parameter-build.s3.PutObject: calling handler <function sse_md5 at 0x111d1d1c0>
DEBUG:botocore.hooks:Event before-parameter-build.s3.PutObject: calling handler <function convert_body_to_file_like_object at 0x111d1e8e0>
DEBUG:botocore.hooks:Event before-parameter-build.s3.PutObject: calling handler <function validate_bucket_name at 0x111d1d120>
DEBUG:botocore.hooks:Event before-parameter-build.s3.PutObject: calling handler <function remove_bucket_from_url_paths_from_model at 0x111d1f420>
DEBUG:botocore.hooks:Event before-parameter-build.s3.PutObject: calling handler <bound method S3RegionRedirectorv2.annotate_request_context of <botocore.utils.S3RegionRedirectorv2 object at 0x1129544a0>>
DEBUG:botocore.hooks:Event before-parameter-build.s3.PutObject: calling handler <bound method ClientCreator._inject_s3_input_parameters of <botocore.client.ClientCreator object at 0x11253dbb0>>
DEBUG:botocore.hooks:Event before-parameter-build.s3.PutObject: calling handler <function generate_idempotent_uuid at 0x111d1cf40>
DEBUG:botocore.hooks:Event before-parameter-build.s3.PutObject: calling handler <function _handle_request_validation_mode_member at 0x111d1fb00>
DEBUG:botocore.hooks:Event before-endpoint-resolution.s3: calling handler <function customize_endpoint_resolver_builtins at 0x111d1f600>
DEBUG:botocore.hooks:Event before-endpoint-resolution.s3: calling handler <bound method S3RegionRedirectorv2.redirect_from_cache of <botocore.utils.S3RegionRedirectorv2 object at 0x1129544a0>>
DEBUG:botocore.regions:Calling endpoint provider with parameters: {'Bucket': 'atlas-bucket', 'Region': 'lon1', 'UseFIPS': False, 'UseDualStack': False, 'Endpoint': 'https://lon1.digitaloceanspaces.com', 'ForcePathStyle': True, 'Accelerate': False, 'UseGlobalEndpoint': False, 'Key': 'media/order_csvs/020483_original_020483_test_accessories.csv', 'DisableMultiRegionAccessPoints': False, 'UseArnRegion': True}
DEBUG:botocore.regions:Endpoint provider result: https://lon1.digitaloceanspaces.com/atlas-bucket
DEBUG:botocore.regions:Selecting from endpoint provider's list of auth schemes: "sigv4". User selected auth scheme is: "None"
DEBUG:botocore.regions:Selected auth type "v4" as "v4" with signing context params: {'region': 'lon1', 'signing_name': 's3', 'disableDoubleEncoding': True}
DEBUG:botocore.hooks:Event before-call.s3.PutObject: calling handler <function add_expect_header at 0x111d1d4e0>
DEBUG:botocore.handlers:Adding expect 100 continue header to request.
DEBUG:botocore.hooks:Event before-call.s3.PutObject: calling handler <bound method S3ExpressIdentityResolver.apply_signing_cache_key of <botocore.utils.S3ExpressIdentityResolver object at 0x112988800>>
DEBUG:botocore.hooks:Event before-call.s3.PutObject: calling handler <function add_recursion_detection_header at 0x111d1c860>
DEBUG:botocore.hooks:Event before-call.s3.PutObject: calling handler <function inject_api_version_header_if_needed at 0x111d1ea20>
DEBUG:botocore.endpoint:Making request for OperationModel(name=PutObject) with params: {'url_path': '/media/order_csvs/020483_original_020483_test_accessories.csv', 'query_string': {}, 'method': 'PUT', 'headers': {'Cache-Control': 'max-age=86400', 'Content-Type': 'text/csv', 'x-amz-acl': 'public-read', 'x-amz-sdk-checksum-algorithm': 'CRC32', 'User-Agent': 'Boto3/1.42.48 md/Botocore#1.42.48 ua/2.1 os/macos#25.5.0 md/arch#arm64 lang/python#3.12.13 md/pyimpl#CPython m/N,e,b,G,D,Z cfg/retry-mode#legacy Botocore/1.42.48 Resource', 'Expect': '100-continue', 'Transfer-Encoding': 'chunked', 'Content-Encoding': 'aws-chunked', 'X-Amz-Trailer': 'x-amz-checksum-crc32', 'X-Amz-Decoded-Content-Length': '306'}, 'body': <botocore.httpchecksum.AwsChunkedWrapper object at 0x1129d5220>, 'auth_path': '/atlas-bucket/media/order_csvs/020483_original_020483_test_accessories.csv', 'url': 'https://lon1.digitaloceanspaces.com/atlas-bucket/media/order_csvs/020483_original_020483_test_accessories.csv', 'context': {'client_region': 'lon1', 'client_config': <botocore.config.Config object at 0x10c754a40>, 'has_streaming_input': True, 'auth_type': 'v4', 'unsigned_payload': None, 'auth_options': ['aws.auth#sigv4'], 's3_redirect': {'redirected': False, 'bucket': 'atlas-bucket', 'params': {'Bucket': 'atlas-bucket', 'Key': 'media/order_csvs/020483_original_020483_test_accessories.csv', 'Body': <s3transfer.utils.ReadFileChunk object at 0x1129d4260>, 'CacheControl': 'max-age=86400', 'ContentType': 'text/csv', 'ACL': 'public-read', 'ChecksumAlgorithm': 'CRC32'}}, 'input_params': {'Bucket': 'atlas-bucket', 'Key': 'media/order_csvs/020483_original_020483_test_accessories.csv'}, 'signing': {'region': 'lon1', 'signing_name': 's3', 'disableDoubleEncoding': True}, 'endpoint_properties': {'authSchemes': [{'disableDoubleEncoding': True, 'name': 'sigv4', 'signingName': 's3', 'signingRegion': 'lon1'}]}, 'checksum': {'request_algorithm': {'algorithm': 'crc32', 'in': 'trailer', 'name': 'x-amz-checksum-crc32'}}}}
DEBUG:botocore.hooks:Event request-created.s3.PutObject: calling handler <function signal_not_transferring at 0x1119fc4a0>
DEBUG:botocore.hooks:Event request-created.s3.PutObject: calling handler <bound method RequestSigner.handler of <botocore.signers.RequestSigner object at 0x10c755e20>>
DEBUG:botocore.hooks:Event choose-signer.s3.PutObject: calling handler <function set_operation_specific_signer at 0x111d1ccc0>
DEBUG:botocore.hooks:Event before-sign.s3.PutObject: calling handler <function remove_arn_from_signing_path at 0x111d1f560>
DEBUG:botocore.hooks:Event before-sign.s3.PutObject: calling handler <function _set_extra_headers_for_unsigned_request at 0x111d1fba0>
DEBUG:botocore.hooks:Event before-sign.s3.PutObject: calling handler <bound method S3ExpressIdentityResolver.resolve_s3express_identity of <botocore.utils.S3ExpressIdentityResolver object at 0x112988800>>
DEBUG:botocore.auth:Calculating signature using v4 auth.
DEBUG:botocore.auth:CanonicalRequest:
PUT
/atlas-bucket/media/order_csvs/020483_original_020483_test_accessories.csv

cache-control:max-age=86400
content-encoding:aws-chunked
content-type:text/csv
host:lon1.digitaloceanspaces.com
x-amz-acl:public-read
x-amz-content-sha256:STREAMING-UNSIGNED-PAYLOAD-TRAILER
x-amz-date:20260611T095443Z
x-amz-decoded-content-length:306
x-amz-sdk-checksum-algorithm:CRC32
x-amz-trailer:x-amz-checksum-crc32

cache-control;content-encoding;content-type;host;x-amz-acl;x-amz-content-sha256;x-amz-date;x-amz-decoded-content-length;x-amz-sdk-checksum-algorithm;x-amz-trailer
STREAMING-UNSIGNED-PAYLOAD-TRAILER
DEBUG:botocore.auth:StringToSign:
AWS4-HMAC-SHA256
20260611T095443Z
20260611/lon1/s3/aws4_request
397536c0c6bc43f26635b9430881d59582919021116090c2903d737552360171
DEBUG:botocore.auth:Signature:
9532a17f0229b39cb90bf7a3eaa6d605bf450e554c7cb9f2e534cc2830d070c1
DEBUG:botocore.hooks:Event request-created.s3.PutObject: calling handler <bound method UserAgentString.rebuild_and_replace_user_agent_handler of <botocore.useragent.UserAgentString object at 0x112983e60>>
DEBUG:botocore.hooks:Event request-created.s3.PutObject: calling handler <function signal_transferring at 0x111b220c0>
DEBUG:botocore.hooks:Event request-created.s3.PutObject: calling handler <function add_retry_headers at 0x111d1f380>
DEBUG:botocore.endpoint:Sending http request: <AWSPreparedRequest stream_output=False, method=PUT, url=https://lon1.digitaloceanspaces.com/atlas-bucket/media/order_csvs/020483_original_020483_test_accessories.csv, headers={'Cache-Control': b'max-age=86400', 'Content-Type': b'text/csv', 'x-amz-acl': b'public-read', 'x-amz-sdk-checksum-algorithm': b'CRC32', 'User-Agent': b'Boto3/1.42.48 md/Botocore#1.42.48 ua/2.1 os/macos#25.5.0 md/arch#arm64 lang/python#3.12.13 md/pyimpl#CPython m/N,U,e,b,G,D,Z cfg/retry-mode#legacy Botocore/1.42.48 Resource', 'Expect': b'100-continue', 'Transfer-Encoding': b'chunked', 'Content-Encoding': b'aws-chunked', 'X-Amz-Trailer': b'x-amz-checksum-crc32', 'X-Amz-Decoded-Content-Length': b'306', 'X-Amz-Date': b'20260611T095443Z', 'X-Amz-Content-SHA256': b'STREAMING-UNSIGNED-PAYLOAD-TRAILER', 'Authorization': b'AWS4-HMAC-SHA256 Credential=DO0023DL7JL6NXZE7P2K/20260611/lon1/s3/aws4_request, SignedHeaders=cache-control;content-encoding;content-type;host;x-amz-acl;x-amz-content-sha256;x-amz-date;x-amz-decoded-content-length;x-amz-sdk-checksum-algorithm;x-amz-trailer, Signature=9532a17f0229b39cb90bf7a3eaa6d605bf450e554c7cb9f2e534cc2830d070c1', 'amz-sdk-invocation-id': b'3059e13d-c06b-4159-ab69-122083b17196', 'amz-sdk-request': b'attempt=1'}>
DEBUG:botocore.httpsession:Certificate path: /Users/davidhearl/Github/stock_taking/virtual_environment/lib/python3.12/site-packages/certifi/cacert.pem
DEBUG:urllib3.connectionpool:Starting new HTTPS connection (1): lon1.digitaloceanspaces.com:443
DEBUG:botocore.awsrequest:Waiting for 100 Continue response.
DEBUG:botocore.awsrequest:100 Continue response seen, now sending request body.
DEBUG:urllib3.connectionpool:https://lon1.digitaloceanspaces.com:443 "PUT /atlas-bucket/media/order_csvs/020483_original_020483_test_accessories.csv HTTP/1.1" 200 0
DEBUG:botocore.hooks:Event before-parse.s3.PutObject: calling handler <function _handle_200_error at 0x111d1f920>
DEBUG:botocore.hooks:Event before-parse.s3.PutObject: calling handler <function handle_expires_header at 0x111d1f740>
DEBUG:botocore.parsers:Response headers: {'content-length': '0', 'etag': '"c058f094c96aadb2b21f5a3677b2a78e"', 'accept-ranges': 'bytes', 'x-amz-request-id': 'tx000008bada34abac2add9-006a2a85d3-3ed729b-lon1a', 'date': 'Thu, 11 Jun 2026 09:54:28 GMT', 'strict-transport-security': 'max-age=15552000; includeSubDomains; preload'}
DEBUG:botocore.parsers:Response body:
b''
DEBUG:botocore.hooks:Event needs-retry.s3.PutObject: calling handler <function _update_status_code at 0x111d1fa60>
DEBUG:botocore.hooks:Event needs-retry.s3.PutObject: calling handler <botocore.retryhandler.RetryHandler object at 0x112988d70>
DEBUG:botocore.retryhandler:No retry needed.
DEBUG:botocore.hooks:Event needs-retry.s3.PutObject: calling handler <bound method S3RegionRedirectorv2.redirect_from_error of <botocore.utils.S3RegionRedirectorv2 object at 0x1129544a0>>
DEBUG:s3transfer.utils:Releasing acquire 0/None
INFO:root:Detected CSV delimiter: ','
INFO:root:CSV fieldnames: ['Sku', 'Name', 'CostPrice', 'SellPrice', 'Quantity', 'Billable', 'Description']
INFO:root:Processing row 1: {'Sku': 'MISSING123', 'Name': 'Missing Test Item', 'CostPrice': '10.50', 'SellPrice': '15.75', 'Quantity': '2', 'Billable': 'TRUE', 'Description': 'This item should be substituted'}
INFO:root:Processing row 2: {'Sku': 'EXISTING456', 'Name': 'Existing Test Item', 'CostPrice': '5.25', 'SellPrice': '8.99', 'Quantity': '1', 'Billable': 'TRUE', 'Description': 'This item should work normally'}
INFO:root:Processing row 3: {'Sku': 'MISSING789', 'Name': 'Another Missing Item', 'CostPrice': '20.00', 'SellPrice': '30.00', 'Quantity': '1', 'Billable': 'TRUE', 'Description': 'This should create a new substitution'}
DEBUG:boto3.resources.factory:Loading s3:Object
DEBUG:botocore.hooks:Event creating-resource-class.s3.Object: calling handler <function lazy_call.<locals>._handler at 0x111ea1e40>
DEBUG:boto3.s3.transfer:Opting out of CRT Transfer Manager. Preferred client: auto, CRT available: False, Instance Optimized: False
DEBUG:boto3.s3.transfer:Using default client. pid: 23628, thread: 8498847360
DEBUG:s3transfer.utils:Acquiring 0
DEBUG:s3transfer.tasks:UploadSubmissionTask(transfer_id=0, {'transfer_future': <s3transfer.futures.TransferFuture object at 0x112a194c0>}) about to wait for the following futures []
DEBUG:s3transfer.tasks:UploadSubmissionTask(transfer_id=0, {'transfer_future': <s3transfer.futures.TransferFuture object at 0x112a194c0>}) done waiting for dependent futures
DEBUG:s3transfer.tasks:Executing task UploadSubmissionTask(transfer_id=0, {'transfer_future': <s3transfer.futures.TransferFuture object at 0x112a194c0>}) with kwargs {'client': <botocore.client.S3 object at 0x11293f3b0>, 'config': <boto3.s3.transfer.TransferConfig object at 0x10c733560>, 'osutil': <s3transfer.utils.OSUtils object at 0x1129d6bd0>, 'request_executor': <s3transfer.futures.BoundedExecutor object at 0x1129d70b0>, 'transfer_future': <s3transfer.futures.TransferFuture object at 0x112a194c0>}
DEBUG:s3transfer.futures:Submitting task PutObjectTask(transfer_id=0, {'bucket': 'atlas-bucket', 'key': 'media/order_csvs/020483_processed_020483_test_accessories.csv', 'extra_args': {'CacheControl': 'max-age=86400', 'ContentType': 'text/csv', 'ACL': 'public-read', 'ChecksumAlgorithm': 'CRC32'}}) to executor <s3transfer.futures.BoundedExecutor object at 0x1129d70b0> for transfer request: 0.
DEBUG:s3transfer.utils:Acquiring 0
DEBUG:s3transfer.tasks:PutObjectTask(transfer_id=0, {'bucket': 'atlas-bucket', 'key': 'media/order_csvs/020483_processed_020483_test_accessories.csv', 'extra_args': {'CacheControl': 'max-age=86400', 'ContentType': 'text/csv', 'ACL': 'public-read', 'ChecksumAlgorithm': 'CRC32'}}) about to wait for the following futures []
DEBUG:s3transfer.tasks:PutObjectTask(transfer_id=0, {'bucket': 'atlas-bucket', 'key': 'media/order_csvs/020483_processed_020483_test_accessories.csv', 'extra_args': {'CacheControl': 'max-age=86400', 'ContentType': 'text/csv', 'ACL': 'public-read', 'ChecksumAlgorithm': 'CRC32'}}) done waiting for dependent futures
DEBUG:s3transfer.tasks:Executing task PutObjectTask(transfer_id=0, {'bucket': 'atlas-bucket', 'key': 'media/order_csvs/020483_processed_020483_test_accessories.csv', 'extra_args': {'CacheControl': 'max-age=86400', 'ContentType': 'text/csv', 'ACL': 'public-read', 'ChecksumAlgorithm': 'CRC32'}}) with kwargs {'client': <botocore.client.S3 object at 0x11293f3b0>, 'fileobj': <s3transfer.utils.ReadFileChunk object at 0x112a199a0>, 'bucket': 'atlas-bucket', 'key': 'media/order_csvs/020483_processed_020483_test_accessories.csv', 'extra_args': {'CacheControl': 'max-age=86400', 'ContentType': 'text/csv', 'ACL': 'public-read', 'ChecksumAlgorithm': 'CRC32'}}
DEBUG:botocore.hooks:Event before-parameter-build.s3.PutObject: calling handler <function validate_ascii_metadata at 0x111d1dee0>
DEBUG:botocore.hooks:Event before-parameter-build.s3.PutObject: calling handler <function sse_md5 at 0x111d1d1c0>
DEBUG:botocore.hooks:Event before-parameter-build.s3.PutObject: calling handler <function convert_body_to_file_like_object at 0x111d1e8e0>
DEBUG:botocore.hooks:Event before-parameter-build.s3.PutObject: calling handler <function validate_bucket_name at 0x111d1d120>
DEBUG:botocore.hooks:Event before-parameter-build.s3.PutObject: calling handler <function remove_bucket_from_url_paths_from_model at 0x111d1f420>
DEBUG:botocore.hooks:Event before-parameter-build.s3.PutObject: calling handler <bound method S3RegionRedirectorv2.annotate_request_context of <botocore.utils.S3RegionRedirectorv2 object at 0x1129544a0>>
DEBUG:botocore.hooks:Event before-parameter-build.s3.PutObject: calling handler <bound method ClientCreator._inject_s3_input_parameters of <botocore.client.ClientCreator object at 0x11253dbb0>>
DEBUG:botocore.hooks:Event before-parameter-build.s3.PutObject: calling handler <function generate_idempotent_uuid at 0x111d1cf40>
DEBUG:botocore.hooks:Event before-parameter-build.s3.PutObject: calling handler <function _handle_request_validation_mode_member at 0x111d1fb00>
DEBUG:botocore.hooks:Event before-endpoint-resolution.s3: calling handler <function customize_endpoint_resolver_builtins at 0x111d1f600>
DEBUG:botocore.hooks:Event before-endpoint-resolution.s3: calling handler <bound method S3RegionRedirectorv2.redirect_from_cache of <botocore.utils.S3RegionRedirectorv2 object at 0x1129544a0>>
DEBUG:botocore.regions:Calling endpoint provider with parameters: {'Bucket': 'atlas-bucket', 'Region': 'lon1', 'UseFIPS': False, 'UseDualStack': False, 'Endpoint': 'https://lon1.digitaloceanspaces.com', 'ForcePathStyle': True, 'Accelerate': False, 'UseGlobalEndpoint': False, 'Key': 'media/order_csvs/020483_processed_020483_test_accessories.csv', 'DisableMultiRegionAccessPoints': False, 'UseArnRegion': True}
DEBUG:botocore.regions:Endpoint provider result: https://lon1.digitaloceanspaces.com/atlas-bucket
DEBUG:botocore.regions:Selecting from endpoint provider's list of auth schemes: "sigv4". User selected auth scheme is: "None"
DEBUG:botocore.regions:Selected auth type "v4" as "v4" with signing context params: {'region': 'lon1', 'signing_name': 's3', 'disableDoubleEncoding': True}
DEBUG:s3transfer.utils:Releasing acquire 0/None
DEBUG:botocore.hooks:Event before-call.s3.PutObject: calling handler <function add_expect_header at 0x111d1d4e0>
DEBUG:botocore.handlers:Adding expect 100 continue header to request.
DEBUG:botocore.hooks:Event before-call.s3.PutObject: calling handler <bound method S3ExpressIdentityResolver.apply_signing_cache_key of <botocore.utils.S3ExpressIdentityResolver object at 0x112988800>>
DEBUG:botocore.hooks:Event before-call.s3.PutObject: calling handler <function add_recursion_detection_header at 0x111d1c860>
DEBUG:botocore.hooks:Event before-call.s3.PutObject: calling handler <function inject_api_version_header_if_needed at 0x111d1ea20>
DEBUG:botocore.endpoint:Making request for OperationModel(name=PutObject) with params: {'url_path': '/media/order_csvs/020483_processed_020483_test_accessories.csv', 'query_string': {}, 'method': 'PUT', 'headers': {'Cache-Control': 'max-age=86400', 'Content-Type': 'text/csv', 'x-amz-acl': 'public-read', 'x-amz-sdk-checksum-algorithm': 'CRC32', 'User-Agent': 'Boto3/1.42.48 md/Botocore#1.42.48 ua/2.1 os/macos#25.5.0 md/arch#arm64 lang/python#3.12.13 md/pyimpl#CPython m/N,e,b,G,D,Z cfg/retry-mode#legacy Botocore/1.42.48 Resource', 'Expect': '100-continue', 'Transfer-Encoding': 'chunked', 'Content-Encoding': 'aws-chunked', 'X-Amz-Trailer': 'x-amz-checksum-crc32', 'X-Amz-Decoded-Content-Length': '300'}, 'body': <botocore.httpchecksum.AwsChunkedWrapper object at 0x112a19fd0>, 'auth_path': '/atlas-bucket/media/order_csvs/020483_processed_020483_test_accessories.csv', 'url': 'https://lon1.digitaloceanspaces.com/atlas-bucket/media/order_csvs/020483_processed_020483_test_accessories.csv', 'context': {'client_region': 'lon1', 'client_config': <botocore.config.Config object at 0x10c754a40>, 'has_streaming_input': True, 'auth_type': 'v4', 'unsigned_payload': None, 'auth_options': ['aws.auth#sigv4'], 's3_redirect': {'redirected': False, 'bucket': 'atlas-bucket', 'params': {'Bucket': 'atlas-bucket', 'Key': 'media/order_csvs/020483_processed_020483_test_accessories.csv', 'Body': <s3transfer.utils.ReadFileChunk object at 0x112a199a0>, 'CacheControl': 'max-age=86400', 'ContentType': 'text/csv', 'ACL': 'public-read', 'ChecksumAlgorithm': 'CRC32'}}, 'input_params': {'Bucket': 'atlas-bucket', 'Key': 'media/order_csvs/020483_processed_020483_test_accessories.csv'}, 'signing': {'region': 'lon1', 'signing_name': 's3', 'disableDoubleEncoding': True}, 'endpoint_properties': {'authSchemes': [{'disableDoubleEncoding': True, 'name': 'sigv4', 'signingName': 's3', 'signingRegion': 'lon1'}]}, 'checksum': {'request_algorithm': {'algorithm': 'crc32', 'in': 'trailer', 'name': 'x-amz-checksum-crc32'}}}}
DEBUG:botocore.hooks:Event request-created.s3.PutObject: calling handler <function signal_not_transferring at 0x1119fc4a0>
DEBUG:botocore.hooks:Event request-created.s3.PutObject: calling handler <bound method RequestSigner.handler of <botocore.signers.RequestSigner object at 0x10c755e20>>
DEBUG:botocore.hooks:Event choose-signer.s3.PutObject: calling handler <function set_operation_specific_signer at 0x111d1ccc0>
DEBUG:botocore.hooks:Event before-sign.s3.PutObject: calling handler <function remove_arn_from_signing_path at 0x111d1f560>
DEBUG:botocore.hooks:Event before-sign.s3.PutObject: calling handler <function _set_extra_headers_for_unsigned_request at 0x111d1fba0>
DEBUG:botocore.hooks:Event before-sign.s3.PutObject: calling handler <bound method S3ExpressIdentityResolver.resolve_s3express_identity of <botocore.utils.S3ExpressIdentityResolver object at 0x112988800>>
DEBUG:botocore.auth:Calculating signature using v4 auth.
DEBUG:botocore.auth:CanonicalRequest:
PUT
/atlas-bucket/media/order_csvs/020483_processed_020483_test_accessories.csv

cache-control:max-age=86400
content-encoding:aws-chunked
content-type:text/csv
host:lon1.digitaloceanspaces.com
x-amz-acl:public-read
x-amz-content-sha256:STREAMING-UNSIGNED-PAYLOAD-TRAILER
x-amz-date:20260611T095443Z
x-amz-decoded-content-length:300
x-amz-sdk-checksum-algorithm:CRC32
x-amz-trailer:x-amz-checksum-crc32

cache-control;content-encoding;content-type;host;x-amz-acl;x-amz-content-sha256;x-amz-date;x-amz-decoded-content-length;x-amz-sdk-checksum-algorithm;x-amz-trailer
STREAMING-UNSIGNED-PAYLOAD-TRAILER
DEBUG:botocore.auth:StringToSign:
AWS4-HMAC-SHA256
20260611T095443Z
20260611/lon1/s3/aws4_request
6768c6903870901655eb725b7a90cba241a96079fd6c51a35d6ca134992de56c
DEBUG:botocore.auth:Signature:
81f87c71be76256130f140214643697e7944ee22197cdd22d4c9e4210006b692
DEBUG:botocore.hooks:Event request-created.s3.PutObject: calling handler <bound method UserAgentString.rebuild_and_replace_user_agent_handler of <botocore.useragent.UserAgentString object at 0x112983e60>>
DEBUG:botocore.hooks:Event request-created.s3.PutObject: calling handler <function signal_transferring at 0x111b220c0>
DEBUG:botocore.hooks:Event request-created.s3.PutObject: calling handler <function add_retry_headers at 0x111d1f380>
DEBUG:botocore.endpoint:Sending http request: <AWSPreparedRequest stream_output=False, method=PUT, url=https://lon1.digitaloceanspaces.com/atlas-bucket/media/order_csvs/020483_processed_020483_test_accessories.csv, headers={'Cache-Control': b'max-age=86400', 'Content-Type': b'text/csv', 'x-amz-acl': b'public-read', 'x-amz-sdk-checksum-algorithm': b'CRC32', 'User-Agent': b'Boto3/1.42.48 md/Botocore#1.42.48 ua/2.1 os/macos#25.5.0 md/arch#arm64 lang/python#3.12.13 md/pyimpl#CPython m/N,U,e,b,G,D,Z cfg/retry-mode#legacy Botocore/1.42.48 Resource', 'Expect': b'100-continue', 'Transfer-Encoding': b'chunked', 'Content-Encoding': b'aws-chunked', 'X-Amz-Trailer': b'x-amz-checksum-crc32', 'X-Amz-Decoded-Content-Length': b'300', 'X-Amz-Date': b'20260611T095443Z', 'X-Amz-Content-SHA256': b'STREAMING-UNSIGNED-PAYLOAD-TRAILER', 'Authorization': b'AWS4-HMAC-SHA256 Credential=DO0023DL7JL6NXZE7P2K/20260611/lon1/s3/aws4_request, SignedHeaders=cache-control;content-encoding;content-type;host;x-amz-acl;x-amz-content-sha256;x-amz-date;x-amz-decoded-content-length;x-amz-sdk-checksum-algorithm;x-amz-trailer, Signature=81f87c71be76256130f140214643697e7944ee22197cdd22d4c9e4210006b692', 'amz-sdk-invocation-id': b'f5d4c62e-4e81-4918-9ae6-6ee1112b8837', 'amz-sdk-request': b'attempt=1'}>
DEBUG:botocore.httpsession:Certificate path: /Users/davidhearl/Github/stock_taking/virtual_environment/lib/python3.12/site-packages/certifi/cacert.pem
DEBUG:botocore.awsrequest:Waiting for 100 Continue response.
DEBUG:botocore.awsrequest:100 Continue response seen, now sending request body.
DEBUG:urllib3.connectionpool:https://lon1.digitaloceanspaces.com:443 "PUT /atlas-bucket/media/order_csvs/020483_processed_020483_test_accessories.csv HTTP/1.1" 200 0
DEBUG:botocore.hooks:Event before-parse.s3.PutObject: calling handler <function _handle_200_error at 0x111d1f920>
DEBUG:botocore.hooks:Event before-parse.s3.PutObject: calling handler <function handle_expires_header at 0x111d1f740>
DEBUG:botocore.parsers:Response headers: {'content-length': '0', 'etag': '"5f2361c79045892a3cfa2b5297505cfb"', 'accept-ranges': 'bytes', 'x-amz-request-id': 'tx000004fb4b5a583318ab1-006a2a85d4-3e702d4-lon1a', 'date': 'Thu, 11 Jun 2026 09:54:28 GMT', 'strict-transport-security': 'max-age=15552000; includeSubDomains; preload'}
DEBUG:botocore.parsers:Response body:
b''
DEBUG:botocore.hooks:Event needs-retry.s3.PutObject: calling handler <function _update_status_code at 0x111d1fa60>
DEBUG:botocore.hooks:Event needs-retry.s3.PutObject: calling handler <botocore.retryhandler.RetryHandler object at 0x112988d70>
DEBUG:botocore.retryhandler:No retry needed.
DEBUG:botocore.hooks:Event needs-retry.s3.PutObject: calling handler <bound method S3RegionRedirectorv2.redirect_from_error of <botocore.utils.S3RegionRedirectorv2 object at 0x1129544a0>>
DEBUG:s3transfer.utils:Releasing acquire 0/None
ERROR:root:Exception processing CSV file: 020483_test_accessories.csv, error: You cannot add messages without installing django.contrib.messages.middleware.MessageMiddleware
ERROR:root:Traceback (most recent call last):
  File "/Users/davidhearl/Github/stock_taking/virtual_environment/lib/python3.12/site-packages/django/contrib/messages/api.py", line 27, in add_message
    messages = request._messages
               ^^^^^^^^^^^^^^^^^
AttributeError: 'WSGIRequest' object has no attribute '_messages'

During handling of the above exception, another exception occurred:

Traceback (most recent call last):
  File "/Users/davidhearl/Github/stock_taking/stock_take/views.py", line 9680, in upload_accessories_csv
    messages.success(request, success_msg)
  File "/Users/davidhearl/Github/stock_taking/virtual_environment/lib/python3.12/site-packages/django/contrib/messages/api.py", line 99, in success
    add_message(
  File "/Users/davidhearl/Github/stock_taking/virtual_environment/lib/python3.12/site-packages/django/contrib/messages/api.py", line 35, in add_message
    raise MessageFailure(
django.contrib.messages.api.MessageFailure: You cannot add messages without installing django.contrib.messages.middleware.MessageMiddleware

DEBUG:urllib3.connectionpool:Starting new HTTPS connection (1): sliderobes.anthillcrm.com:443
DEBUG:urllib3.connectionpool:https://sliderobes.anthillcrm.com:443 "GET /api/v1.asmx?WSDL HTTP/1.1" 200 22295
